0 info it worked if it ends with ok
1 verbose cli [ '/Users/swks/.nvm/versions/node/v0.12.7/bin/node',
1 verbose cli   '/Users/swks/.nvm/versions/node/v0.12.7/bin/npm',
1 verbose cli   'install',
1 verbose cli   '--save',
1 verbose cli   'mozilla',
1 verbose cli   '/',
1 verbose cli   'popcorn-js' ]
2 info using npm@2.11.3
3 info using node@v0.12.7
4 verbose install initial load of /Users/swks/code/react-material-player/package.json
5 verbose installManyTop reading scoped package data from /Users/swks/code/react-material-player/node_modules/material-ui/package.json
6 verbose installManyTop reading scoped package data from /Users/swks/code/react-material-player/node_modules/react/package.json
7 verbose installManyTop reading scoped package data from /Users/swks/code/react-material-player/node_modules/react-tap-event-plugin/package.json
8 verbose installManyTop reading scoped package data from /Users/swks/code/react-material-player/node_modules/webpack/package.json
9 info package.json react-tap-event-plugin@0.1.7 No license field.
10 verbose readDependencies loading dependencies from /Users/swks/code/react-material-player/package.json
11 silly cache add args [ 'mozilla', null ]
12 verbose cache add spec mozilla
13 silly cache add args [ '/', null ]
14 verbose cache add spec /
15 silly cache add args [ 'popcorn-js', null ]
16 verbose cache add spec popcorn-js
17 silly cache add parsed spec { raw: 'mozilla',
17 silly cache add   scope: null,
17 silly cache add   name: 'mozilla',
17 silly cache add   rawSpec: '',
17 silly cache add   spec: '*',
17 silly cache add   type: 'range' }
18 silly addNamed mozilla@*
19 verbose addNamed "*" is a valid semver range for mozilla
20 silly addNameRange { name: 'mozilla', range: '*', hasData: false }
21 silly mapToRegistry name mozilla
22 silly mapToRegistry using default registry
23 silly mapToRegistry registry https://registry.npmjs.org/
24 silly mapToRegistry uri https://registry.npmjs.org/mozilla
25 verbose addNameRange registry:https://registry.npmjs.org/mozilla not in flight; fetching
26 silly cache add parsed spec { raw: 'popcorn-js',
26 silly cache add   scope: null,
26 silly cache add   name: 'popcorn-js',
26 silly cache add   rawSpec: '',
26 silly cache add   spec: '*',
26 silly cache add   type: 'range' }
27 silly addNamed popcorn-js@*
28 verbose addNamed "*" is a valid semver range for popcorn-js
29 silly addNameRange { name: 'popcorn-js', range: '*', hasData: false }
30 silly mapToRegistry name popcorn-js
31 silly mapToRegistry using default registry
32 silly mapToRegistry registry https://registry.npmjs.org/
33 silly mapToRegistry uri https://registry.npmjs.org/popcorn-js
34 verbose addNameRange registry:https://registry.npmjs.org/popcorn-js not in flight; fetching
35 silly cache add parsed spec { raw: '/',
35 silly cache add   scope: null,
35 silly cache add   name: null,
35 silly cache add   rawSpec: '/',
35 silly cache add   spec: '/',
35 silly cache add   type: 'local' }
36 verbose request uri https://registry.npmjs.org/mozilla
37 verbose request no auth needed
38 info attempt registry request try #1 at 1:20:26 AM
39 verbose request id e2b697b23a5bfd34
40 http request GET https://registry.npmjs.org/mozilla
41 verbose request uri https://registry.npmjs.org/popcorn-js
42 verbose request no auth needed
43 info attempt registry request try #1 at 1:20:26 AM
44 http request GET https://registry.npmjs.org/popcorn-js
45 error addLocal Could not install /
46 http 404 https://registry.npmjs.org/popcorn-js
47 verbose headers { 'content-type': 'application/json',
47 verbose headers   'cache-control': 'max-age=0',
47 verbose headers   'content-length': '2',
47 verbose headers   'accept-ranges': 'bytes',
47 verbose headers   date: 'Sat, 29 Aug 2015 22:09:53 GMT',
47 verbose headers   via: '1.1 varnish',
47 verbose headers   age: '0',
47 verbose headers   connection: 'keep-alive',
47 verbose headers   'x-served-by': 'cache-fra1239-FRA',
47 verbose headers   'x-cache': 'MISS',
47 verbose headers   'x-cache-hits': '0',
47 verbose headers   'x-timer': 'S1440886193.397721,VS0,VE111' }
48 silly get cb [ 404,
48 silly get   { 'content-type': 'application/json',
48 silly get     'cache-control': 'max-age=0',
48 silly get     'content-length': '2',
48 silly get     'accept-ranges': 'bytes',
48 silly get     date: 'Sat, 29 Aug 2015 22:09:53 GMT',
48 silly get     via: '1.1 varnish',
48 silly get     age: '0',
48 silly get     connection: 'keep-alive',
48 silly get     'x-served-by': 'cache-fra1239-FRA',
48 silly get     'x-cache': 'MISS',
48 silly get     'x-cache-hits': '0',
48 silly get     'x-timer': 'S1440886193.397721,VS0,VE111' } ]
49 http 404 https://registry.npmjs.org/mozilla
50 verbose headers { server: 'CouchDB/1.5.0 (Erlang OTP/R16B03)',
50 verbose headers   etag: '"7TBU3Q4HP7SJAA1D07NI7APDO"',
50 verbose headers   'content-type': 'application/json',
50 verbose headers   'cache-control': 'max-age=0',
50 verbose headers   'content-length': '412',
50 verbose headers   'accept-ranges': 'bytes',
50 verbose headers   date: 'Sat, 29 Aug 2015 22:09:53 GMT',
50 verbose headers   via: '1.1 varnish',
50 verbose headers   age: '0',
50 verbose headers   connection: 'keep-alive',
50 verbose headers   'x-served-by': 'cache-fra1240-FRA',
50 verbose headers   'x-cache': 'MISS',
50 verbose headers   'x-cache-hits': '0',
50 verbose headers   'x-timer': 'S1440886193.393674,VS0,VE532',
50 verbose headers   vary: 'Accept' }
51 silly get cb [ 404,
51 silly get   { server: 'CouchDB/1.5.0 (Erlang OTP/R16B03)',
51 silly get     etag: '"7TBU3Q4HP7SJAA1D07NI7APDO"',
51 silly get     'content-type': 'application/json',
51 silly get     'cache-control': 'max-age=0',
51 silly get     'content-length': '412',
51 silly get     'accept-ranges': 'bytes',
51 silly get     date: 'Sat, 29 Aug 2015 22:09:53 GMT',
51 silly get     via: '1.1 varnish',
51 silly get     age: '0',
51 silly get     connection: 'keep-alive',
51 silly get     'x-served-by': 'cache-fra1240-FRA',
51 silly get     'x-cache': 'MISS',
51 silly get     'x-cache-hits': '0',
51 silly get     'x-timer': 'S1440886193.393674,VS0,VE532',
51 silly get     vary: 'Accept' } ]
52 verbose stack Error: EISDIR, read
52 verbose stack     at Error (native)
53 verbose cwd /Users/swks/code/react-material-player
54 error Darwin 14.5.0
55 error argv "/Users/swks/.nvm/versions/node/v0.12.7/bin/node" "/Users/swks/.nvm/versions/node/v0.12.7/bin/npm" "install" "--save" "mozilla" "/" "popcorn-js"
56 error node v0.12.7
57 error npm  v2.11.3
58 error code EISDIR
59 error errno -21
60 error EISDIR, read
61 error If you need help, you may report this error at:
61 error     <https://github.com/npm/npm/issues>
62 verbose exit [ -21, true ]
